<?xml version="1.0" encoding="UTF-8"?>
<testsuite xmlns:xsi="http://www.w3.org/2001/XMLSchema-instance" xsi:noNamespaceSchemaLocation="https://maven.apache.org/surefire/maven-surefire-plugin/xsd/surefire-test-report.xsd" name="com.aurea.cx.messenger.example.StringOpsService.StringOpsServiceTest" time="0.313" tests="3" errors="0" skipped="0" failures="0">
  <properties>
    <property name="sun.desktop" value="windows"/>
    <property name="awt.toolkit" value="sun.awt.windows.WToolkit"/>
    <property name="file.encoding.pkg" value="sun.io"/>
    <property name="java.specification.version" value="1.8"/>
    <property name="sun.cpu.isalist" value="amd64"/>
    <property name="sun.jnu.encoding" value="Cp1252"/>
    <property name="java.class.path" value="C:\Aurea\CxMessenger2017SP11\Workbench10.0\workspaceDockers\StringOpsService\target\test-classes;C:\Aurea\CxMessenger2017SP11\Workbench10.0\workspaceDockers\StringOpsService\target\classes;C:\Users\Adriana\.m2\repository\com\aurea\sonic\esb\annotations-utils\10.0.11\annotations-utils-10.0.11.jar;C:\Users\Adriana\.m2\repository\com\aurea\sonic\esb\pojo-annotations\10.0.11\pojo-annotations-10.0.11.jar;C:\Users\Adriana\.m2\repository\com\aurea\sonic\esb\pojo-processor\10.0.11\pojo-processor-10.0.11.jar;C:\Users\Adriana\.m2\repository\com\aurea\sonic\esb\connect-annotations\10.0.11\connect-annotations-10.0.11.jar;C:\Users\Adriana\.m2\repository\com\aurea\sonic\esb\connect-processor\10.0.11\connect-processor-10.0.11.jar;C:\Users\Adriana\.m2\repository\com\aurea\sonic\esb\esb_sfc\10.0.11\esb_sfc-10.0.11.jar;C:\Users\Adriana\.m2\repository\com\aurea\sonic\esb\xq_container\10.0.11\xq_container-10.0.11.jar;C:\Users\Adriana\.m2\repository\com\aurea\sonic\esb\xq_core\10.0.11\xq_core-10.0.11.jar;C:\Users\Adriana\.m2\repository\com\aurea\sonic\esb\xq_debug\10.0.11\xq_debug-10.0.11.jar;C:\Users\Adriana\.m2\repository\com\aurea\sonic\esb\xq_run\10.0.11\xq_run-10.0.11.jar;C:\Users\Adriana\.m2\repository\com\aurea\sonic\esb\xq_config\10.0.11\xq_config-10.0.11.jar;C:\Users\Adriana\.m2\repository\com\aurea\sonic\esb\xq_validator\10.0.11\xq_validator-10.0.11.jar;C:\Users\Adriana\.m2\repository\com\aurea\sonic\esb\camel-sonicesb\10.0.11\camel-sonicesb-10.0.11.jar;C:\Users\Adriana\.m2\repository\com\aurea\sonic\mq\broker\10.0.11\broker-10.0.11.jar;C:\Users\Adriana\.m2\repository\com\aurea\sonic\mq\MFdirectory\10.0.11\MFdirectory-10.0.11.jar;C:\Users\Adriana\.m2\repository\com\aurea\sonic\mq\mgmt_client\10.0.11\mgmt_client-10.0.11.jar;C:\Users\Adriana\.m2\repository\com\aurea\sonic\mq\mgmt_config\10.0.11\mgmt_config-10.0.11.jar;C:\Users\Adriana\.m2\repository\com\aurea\sonic\mq\sonic_mgmt_client\10.0.11\sonic_mgmt_client-10.0.11.jar;C:\Users\Adriana\.m2\repository\com\aurea\sonic\mq\mfcontext\10.0.11\mfcontext-10.0.11.jar;C:\Users\Adriana\.m2\repository\com\aurea\sonic\mq\sonic_Client\10.0.11\sonic_Client-10.0.11.jar;C:\Users\Adriana\.m2\repository\com\aurea\sonic\mq\sonic_Crypto\10.0.11\sonic_Crypto-10.0.11.jar;C:\Users\Adriana\.m2\repository\com\aurea\sonic\mq\sonic_XMessage\10.0.11\sonic_XMessage-10.0.11.jar;C:\Users\Adriana\.m2\repository\com\aurea\sonic\mq\sonic_XA\10.0.11\sonic_XA-10.0.11.jar;C:\Users\Adriana\.m2\repository\com\aurea\sonic\mf\MFmonitor\10.0.11\MFmonitor-10.0.11.jar;C:\Users\Adriana\.m2\repository\commons-logging\commons-logging\1.2\commons-logging-1.2.jar;C:\Users\Adriana\.m2\repository\log4j\log4j\1.2.17\log4j-1.2.17.jar;C:\Users\Adriana\.m2\repository\org\springframework\spring-beans\3.0.5.RELEASE\spring-beans-3.0.5.RELEASE.jar;C:\Users\Adriana\.m2\repository\org\springframework\spring-context\3.0.5.RELEASE\spring-context-3.0.5.RELEASE.jar;C:\Users\Adriana\.m2\repository\org\springframework\spring-aop\3.0.5.RELEASE\spring-aop-3.0.5.RELEASE.jar;C:\Users\Adriana\.m2\repository\aopalliance\aopalliance\1.0\aopalliance-1.0.jar;C:\Users\Adriana\.m2\repository\org\springframework\spring-expression\3.0.5.RELEASE\spring-expression-3.0.5.RELEASE.jar;C:\Users\Adriana\.m2\repository\org\springframework\spring-asm\3.0.5.RELEASE\spring-asm-3.0.5.RELEASE.jar;C:\Users\Adriana\.m2\repository\org\springframework\spring-core\3.0.5.RELEASE\spring-core-3.0.5.RELEASE.jar;C:\Users\Adriana\.m2\repository\javax\ws\rs\javax.ws.rs-api\2.0.1\javax.ws.rs-api-2.0.1.jar;C:\Users\Adriana\.m2\repository\org\apache\velocity\velocity\1.5\velocity-1.5.jar;C:\Users\Adriana\.m2\repository\commons-collections\commons-collections\3.1\commons-collections-3.1.jar;C:\Users\Adriana\.m2\repository\commons-lang\commons-lang\2.1\commons-lang-2.1.jar;C:\Users\Adriana\.m2\repository\oro\oro\2.0.8\oro-2.0.8.jar;C:\Users\Adriana\.m2\repository\javax\inject\javax.inject\1\javax.inject-1.jar;C:\Users\Adriana\.m2\repository\junit\junit\4.11\junit-4.11.jar;C:\Users\Adriana\.m2\repository\org\hamcrest\hamcrest-core\1.3\hamcrest-core-1.3.jar;"/>
    <property name="java.vm.vendor" value="Oracle Corporation"/>
    <property name="sun.arch.data.model" value="64"/>
    <property name="user.variant" value=""/>
    <property name="java.vendor.url" value="http://java.oracle.com/"/>
    <property name="user.timezone" value=""/>
    <property name="java.vm.specification.version" value="1.8"/>
    <property name="os.name" value="Windows 10"/>
    <property name="user.country" value="MX"/>
    <property name="sun.java.launcher" value="SUN_STANDARD"/>
    <property name="sun.boot.library.path" value="C:\Program Files\Java\jdk1.8.0_144\jre\bin"/>
    <property name="sun.java.command" value="C:\Users\Adriana\AppData\Local\Temp\surefire7263281862994572935\surefirebooter8170808431716551351.jar C:\Users\Adriana\AppData\Local\Temp\surefire7263281862994572935 2018-04-16T15-04-02_469-jvmRun1 surefire9103546596767572521tmp surefire_02803004030866436162tmp"/>
    <property name="surefire.test.class.path" value="C:\Aurea\CxMessenger2017SP11\Workbench10.0\workspaceDockers\StringOpsService\target\test-classes;C:\Aurea\CxMessenger2017SP11\Workbench10.0\workspaceDockers\StringOpsService\target\classes;C:\Users\Adriana\.m2\repository\com\aurea\sonic\esb\annotations-utils\10.0.11\annotations-utils-10.0.11.jar;C:\Users\Adriana\.m2\repository\com\aurea\sonic\esb\pojo-annotations\10.0.11\pojo-annotations-10.0.11.jar;C:\Users\Adriana\.m2\repository\com\aurea\sonic\esb\pojo-processor\10.0.11\pojo-processor-10.0.11.jar;C:\Users\Adriana\.m2\repository\com\aurea\sonic\esb\connect-annotations\10.0.11\connect-annotations-10.0.11.jar;C:\Users\Adriana\.m2\repository\com\aurea\sonic\esb\connect-processor\10.0.11\connect-processor-10.0.11.jar;C:\Users\Adriana\.m2\repository\com\aurea\sonic\esb\esb_sfc\10.0.11\esb_sfc-10.0.11.jar;C:\Users\Adriana\.m2\repository\com\aurea\sonic\esb\xq_container\10.0.11\xq_container-10.0.11.jar;C:\Users\Adriana\.m2\repository\com\aurea\sonic\esb\xq_core\10.0.11\xq_core-10.0.11.jar;C:\Users\Adriana\.m2\repository\com\aurea\sonic\esb\xq_debug\10.0.11\xq_debug-10.0.11.jar;C:\Users\Adriana\.m2\repository\com\aurea\sonic\esb\xq_run\10.0.11\xq_run-10.0.11.jar;C:\Users\Adriana\.m2\repository\com\aurea\sonic\esb\xq_config\10.0.11\xq_config-10.0.11.jar;C:\Users\Adriana\.m2\repository\com\aurea\sonic\esb\xq_validator\10.0.11\xq_validator-10.0.11.jar;C:\Users\Adriana\.m2\repository\com\aurea\sonic\esb\camel-sonicesb\10.0.11\camel-sonicesb-10.0.11.jar;C:\Users\Adriana\.m2\repository\com\aurea\sonic\mq\broker\10.0.11\broker-10.0.11.jar;C:\Users\Adriana\.m2\repository\com\aurea\sonic\mq\MFdirectory\10.0.11\MFdirectory-10.0.11.jar;C:\Users\Adriana\.m2\repository\com\aurea\sonic\mq\mgmt_client\10.0.11\mgmt_client-10.0.11.jar;C:\Users\Adriana\.m2\repository\com\aurea\sonic\mq\mgmt_config\10.0.11\mgmt_config-10.0.11.jar;C:\Users\Adriana\.m2\repository\com\aurea\sonic\mq\sonic_mgmt_client\10.0.11\sonic_mgmt_client-10.0.11.jar;C:\Users\Adriana\.m2\repository\com\aurea\sonic\mq\mfcontext\10.0.11\mfcontext-10.0.11.jar;C:\Users\Adriana\.m2\repository\com\aurea\sonic\mq\sonic_Client\10.0.11\sonic_Client-10.0.11.jar;C:\Users\Adriana\.m2\repository\com\aurea\sonic\mq\sonic_Crypto\10.0.11\sonic_Crypto-10.0.11.jar;C:\Users\Adriana\.m2\repository\com\aurea\sonic\mq\sonic_XMessage\10.0.11\sonic_XMessage-10.0.11.jar;C:\Users\Adriana\.m2\repository\com\aurea\sonic\mq\sonic_XA\10.0.11\sonic_XA-10.0.11.jar;C:\Users\Adriana\.m2\repository\com\aurea\sonic\mf\MFmonitor\10.0.11\MFmonitor-10.0.11.jar;C:\Users\Adriana\.m2\repository\commons-logging\commons-logging\1.2\commons-logging-1.2.jar;C:\Users\Adriana\.m2\repository\log4j\log4j\1.2.17\log4j-1.2.17.jar;C:\Users\Adriana\.m2\repository\org\springframework\spring-beans\3.0.5.RELEASE\spring-beans-3.0.5.RELEASE.jar;C:\Users\Adriana\.m2\repository\org\springframework\spring-context\3.0.5.RELEASE\spring-context-3.0.5.RELEASE.jar;C:\Users\Adriana\.m2\repository\org\springframework\spring-aop\3.0.5.RELEASE\spring-aop-3.0.5.RELEASE.jar;C:\Users\Adriana\.m2\repository\aopalliance\aopalliance\1.0\aopalliance-1.0.jar;C:\Users\Adriana\.m2\repository\org\springframework\spring-expression\3.0.5.RELEASE\spring-expression-3.0.5.RELEASE.jar;C:\Users\Adriana\.m2\repository\org\springframework\spring-asm\3.0.5.RELEASE\spring-asm-3.0.5.RELEASE.jar;C:\Users\Adriana\.m2\repository\org\springframework\spring-core\3.0.5.RELEASE\spring-core-3.0.5.RELEASE.jar;C:\Users\Adriana\.m2\repository\javax\ws\rs\javax.ws.rs-api\2.0.1\javax.ws.rs-api-2.0.1.jar;C:\Users\Adriana\.m2\repository\org\apache\velocity\velocity\1.5\velocity-1.5.jar;C:\Users\Adriana\.m2\repository\commons-collections\commons-collections\3.1\commons-collections-3.1.jar;C:\Users\Adriana\.m2\repository\commons-lang\commons-lang\2.1\commons-lang-2.1.jar;C:\Users\Adriana\.m2\repository\oro\oro\2.0.8\oro-2.0.8.jar;C:\Users\Adriana\.m2\repository\javax\inject\javax.inject\1\javax.inject-1.jar;C:\Users\Adriana\.m2\repository\junit\junit\4.11\junit-4.11.jar;C:\Users\Adriana\.m2\repository\org\hamcrest\hamcrest-core\1.3\hamcrest-core-1.3.jar;"/>
    <property name="sun.cpu.endian" value="little"/>
    <property name="user.home" value="C:\Users\Adriana"/>
    <property name="user.language" value="es"/>
    <property name="java.specification.vendor" value="Oracle Corporation"/>
    <property name="java.home" value="C:\Program Files\Java\jdk1.8.0_144\jre"/>
    <property name="basedir" value="C:\Aurea\CxMessenger2017SP11\Workbench10.0\workspaceDockers\StringOpsService"/>
    <property name="file.separator" value="\"/>
    <property name="line.separator" value="&#10;"/>
    <property name="java.vm.specification.vendor" value="Oracle Corporation"/>
    <property name="java.specification.name" value="Java Platform API Specification"/>
    <property name="java.awt.graphicsenv" value="sun.awt.Win32GraphicsEnvironment"/>
    <property name="org.omg.PortableInterceptor.ORBInitializerClass.org.omg.PortableInterceptor.RuxitOrbInitializer" value=""/>
    <property name="surefire.real.class.path" value="C:\Users\Adriana\AppData\Local\Temp\surefire7263281862994572935\surefirebooter8170808431716551351.jar"/>
    <property name="sun.boot.class.path" value="C:\Program Files\Java\jdk1.8.0_144\jre\lib\resources.jar;C:\Program Files\Java\jdk1.8.0_144\jre\lib\rt.jar;C:\Program Files\Java\jdk1.8.0_144\jre\lib\sunrsasign.jar;C:\Program Files\Java\jdk1.8.0_144\jre\lib\jsse.jar;C:\Program Files\Java\jdk1.8.0_144\jre\lib\jce.jar;C:\Program Files\Java\jdk1.8.0_144\jre\lib\charsets.jar;C:\Program Files\Java\jdk1.8.0_144\jre\lib\jfr.jar;C:\Program Files\Java\jdk1.8.0_144\jre\classes"/>
    <property name="user.script" value=""/>
    <property name="sun.management.compiler" value="HotSpot 64-Bit Tiered Compilers"/>
    <property name="java.runtime.version" value="1.8.0_144-b01"/>
    <property name="user.name" value="Adriana"/>
    <property name="path.separator" value=";"/>
    <property name="os.version" value="10.0"/>
    <property name="java.endorsed.dirs" value="C:\Program Files\Java\jdk1.8.0_144\jre\lib\endorsed"/>
    <property name="java.runtime.name" value="Java(TM) SE Runtime Environment"/>
    <property name="file.encoding" value="Cp1252"/>
    <property name="java.vm.name" value="Java HotSpot(TM) 64-Bit Server VM"/>
    <property name="localRepository" value="C:\Users\Adriana\.m2\repository"/>
    <property name="java.vendor.url.bug" value="http://bugreport.sun.com/bugreport/"/>
    <property name="java.io.tmpdir" value="C:\Users\Adriana\AppData\Local\Temp\"/>
    <property name="java.version" value="1.8.0_144"/>
    <property name="user.dir" value="C:\Aurea\CxMessenger2017SP11\Workbench10.0\workspaceDockers\StringOpsService"/>
    <property name="os.arch" value="amd64"/>
    <property name="java.vm.specification.name" value="Java Virtual Machine Specification"/>
    <property name="java.awt.printerjob" value="sun.awt.windows.WPrinterJob"/>
    <property name="sun.os.patch.level" value=""/>
    <property name="java.library.path" value="C:\Program Files\Java\jdk1.8.0_144\jre\bin;C:\WINDOWS\Sun\Java\bin;C:\WINDOWS\system32;C:\WINDOWS;C:\ProgramData\Oracle\Java\javapath;C:\WINDOWS\system32;C:\WINDOWS;C:\WINDOWS\System32\Wbem;C:\WINDOWS\System32\WindowsPowerShell\v1.0\;;C:\Aurea\Actional\ActionalManagementServer\shared;C:\Aurea\Actional\ActionalAgent\shared;C:\Program Files (x86)\Skype\Phone\;C:\Program Files\PuTTY\;C:\Program Files (x86)\Microsoft SQL Server\Client SDK\ODBC\130\Tools\Binn\;C:\Program Files (x86)\Microsoft SQL Server\140\Tools\Binn\;C:\Program Files (x86)\Microsoft SQL Server\140\DTS\Binn\;C:\Program Files (x86)\Microsoft SQL Server\140\Tools\Binn\ManagementStudio\;C:\Users\Adriana\AppData\Local\Microsoft\WindowsApps;C:\Program Files\Java\jdk1.8.0_144\bin;."/>
    <property name="java.vm.info" value="mixed mode"/>
    <property name="java.vendor" value="Oracle Corporation"/>
    <property name="java.vm.version" value="25.144-b01"/>
    <property name="java.ext.dirs" value="C:\Program Files\Java\jdk1.8.0_144\jre\lib\ext;C:\WINDOWS\Sun\Java\lib\ext"/>
    <property name="sun.io.unicode.encoding" value="UnicodeLittle"/>
    <property name="java.class.version" value="52.0"/>
  </properties>
  <testcase name="convertTest" classname="com.aurea.cx.messenger.example.StringOpsService.StringOpsServiceTest" time="0.213"/>
  <testcase name="splitTest" classname="com.aurea.cx.messenger.example.StringOpsService.StringOpsServiceTest" time="0"/>
  <testcase name="concatenateTest" classname="com.aurea.cx.messenger.example.StringOpsService.StringOpsServiceTest" time="0"/>
</testsuite>